<?xml version="1.0" encoding="UTF-8"?>
<!-- Generated by org.testng.reporters.JUnitReportReporter -->
<testsuite hostname="DESKTOP-6RR0I9J" failures="0" tests="13" name="com.qc.pom.testcases.POMTest" time="37.190" errors="0" timestamp="2022-04-14T00:22:26 IST" skipped="0">
  <testcase classname="com.qc.pom.testcases.POMTest" name="doRegister" time="2.880"/>
  <system-out/>
  <testcase classname="com.qc.pom.testcases.POMTest" name="doRegister" time="2.934"/>
  <system-out/>
  <testcase classname="com.qc.pom.testcases.POMTest" name="doLogin" time="2.614"/>
  <system-out/>
  <testcase classname="com.qc.pom.testcases.POMTest" name="doRegister" time="2.928"/>
  <system-out/>
  <testcase classname="com.qc.pom.testcases.POMTest" name="doLogin" time="4.160"/>
  <system-out/>
  <testcase classname="com.qc.pom.testcases.POMTest" name="doRegister" time="2.806"/>
  <system-out/>
  <testcase classname="com.qc.pom.testcases.POMTest" name="doLogin" time="2.497"/>
  <system-out/>
  <testcase classname="com.qc.pom.testcases.POMTest" name="doLogin" time="2.678"/>
  <system-out/>
  <testcase classname="com.qc.pom.testcases.POMTest" name="doRegister" time="3.246"/>
  <system-out/>
  <testcase classname="com.qc.pom.testcases.POMTest" name="doRegister" time="2.873"/>
  <system-out/>
  <testcase classname="com.qc.pom.testcases.POMTest" name="doLogin" time="2.484"/>
  <system-out/>
  <testcase classname="com.qc.pom.testcases.POMTest" name="doLogin" time="2.672"/>
  <system-out/>
  <testcase classname="com.qc.pom.testcases.POMTest" name="doLogin" time="2.418"/>
  <system-out/>
</testsuite> <!-- com.qc.pom.testcases.POMTest -->
